# vsim -L /CMC/tools/altera/19.1/modelsim_ase/altera/verilog/altera_mf -L /CMC/tools/altera/17.0/modelsim_ase/altera/verilog/cyclonev -l tb_task4.rtl-vsim.rpt -c -coverage -do "run 1000000; coverage report -output tb_task4.stats.rpt; quit" tb_task4 
# Start time: 05:32:19 on Oct 17,2024
# ** Note: (vsim-3812) Design is being optimized...
# ** Warning: ../vga-core/vga_pll.sv(50): (vopt-2685) [TFMPC] - Too few port connections for 'altpll_component'.  Expected 37, found 2.
# ** Warning: ../vga-core/vga_pll.sv(50): (vopt-2718) [TFMPC] - Missing connection for port 'icdrclk'.
# ** Warning: ../vga-core/vga_pll.sv(50): (vopt-2718) [TFMPC] - Missing connection for port 'fref'.
# ** Warning: ../vga-core/vga_pll.sv(50): (vopt-2718) [TFMPC] - Missing connection for port 'fbout'.
# ** Warning: ../vga-core/vga_pll.sv(50): (vopt-2718) [TFMPC] - Missing connection for port 'vcounderrange'.
# ** Warning: ../vga-core/vga_pll.sv(50): (vopt-2718) [TFMPC] - Missing connection for port 'vcooverrange'.
# ** Warning: ../vga-core/vga_pll.sv(50): (vopt-2718) [TFMPC] - Missing connection for port 'phasedone'.
# ** Warning: ../vga-core/vga_pll.sv(50): (vopt-2718) [TFMPC] - Missing connection for port 'sclkout1'.
# ** Warning: ../vga-core/vga_pll.sv(50): (vopt-2718) [TFMPC] - Missing connection for port 'sclkout0'.
# ** Warning: ../vga-core/vga_pll.sv(50): (vopt-2718) [TFMPC] - Missing connection for port 'scandone'.
# ** Warning: ../vga-core/vga_pll.sv(50): (vopt-2718) [TFMPC] - Missing connection for port 'scandataout'.
# ** Warning: ../vga-core/vga_pll.sv(50): (vopt-2718) [TFMPC] - Missing connection for port 'locked'.
# ** Warning: ../vga-core/vga_pll.sv(50): (vopt-2718) [TFMPC] - Missing connection for port 'clkloss'.
# ** Warning: ../vga-core/vga_pll.sv(50): (vopt-2718) [TFMPC] - Missing connection for port 'activeclock'.
# ** Warning: ../vga-core/vga_pll.sv(50): (vopt-2718) [TFMPC] - Missing connection for port 'enable1'.
# ** Warning: ../vga-core/vga_pll.sv(50): (vopt-2718) [TFMPC] - Missing connection for port 'enable0'.
# ** Warning: ../vga-core/vga_pll.sv(50): (vopt-2718) [TFMPC] - Missing connection for port 'clkbad'.
# ** Warning: ../vga-core/vga_pll.sv(50): (vopt-2718) [TFMPC] - Missing connection for port 'extclk'.
# ** Warning: ../vga-core/vga_pll.sv(50): (vopt-2718) [TFMPC] - Missing connection for port 'fbmimicbidir'.
# ** Warning: ../vga-core/vga_pll.sv(50): (vopt-2718) [TFMPC] - Missing connection for port 'configupdate'.
# ** Warning: ../vga-core/vga_pll.sv(50): (vopt-2718) [TFMPC] - Missing connection for port 'phasestep'.
# ** Warning: ../vga-core/vga_pll.sv(50): (vopt-2718) [TFMPC] - Missing connection for port 'phaseupdown'.
# ** Warning: ../vga-core/vga_pll.sv(50): (vopt-2718) [TFMPC] - Missing connection for port 'phasecounterselect'.
# ** Warning: ../vga-core/vga_pll.sv(50): (vopt-2718) [TFMPC] - Missing connection for port 'scandata'.
# ** Warning: ../vga-core/vga_pll.sv(50): (vopt-2718) [TFMPC] - Missing connection for port 'scanwrite'.
# ** Warning: ../vga-core/vga_pll.sv(50): (vopt-2718) [TFMPC] - Missing connection for port 'scanread'.
# ** Warning: ../vga-core/vga_pll.sv(50): (vopt-2718) [TFMPC] - Missing connection for port 'scanclkena'.
# ** Warning: ../vga-core/vga_pll.sv(50): (vopt-2718) [TFMPC] - Missing connection for port 'scanaclr'.
# ** Warning: ../vga-core/vga_pll.sv(50): (vopt-2718) [TFMPC] - Missing connection for port 'scanclk'.
# ** Warning: ../vga-core/vga_pll.sv(50): (vopt-2718) [TFMPC] - Missing connection for port 'extclkena'.
# ** Warning: ../vga-core/vga_pll.sv(50): (vopt-2718) [TFMPC] - Missing connection for port 'clkena'.
# ** Warning: ../vga-core/vga_pll.sv(50): (vopt-2718) [TFMPC] - Missing connection for port 'pfdena'.
# ** Warning: ../vga-core/vga_pll.sv(50): (vopt-2718) [TFMPC] - Missing connection for port 'areset'.
# ** Warning: ../vga-core/vga_pll.sv(50): (vopt-2718) [TFMPC] - Missing connection for port 'clkswitch'.
# ** Warning: ../vga-core/vga_pll.sv(50): (vopt-2718) [TFMPC] - Missing connection for port 'pllena'.
# ** Warning: ../vga-core/vga_pll.sv(50): (vopt-2718) [TFMPC] - Missing connection for port 'fbin'.
# ** Warning: ../vga-core/vga_adapter.sv(210): (vopt-2685) [TFMPC] - Too few port connections for 'VideoMemory'.  Expected 23, found 10.
# ** Warning: ../vga-core/vga_adapter.sv(210): (vopt-2718) [TFMPC] - Missing connection for port 'eccstatus'.
# ** Warning: ../vga-core/vga_adapter.sv(210): (vopt-2718) [TFMPC] - Missing connection for port 'q_a'.
# ** Warning: ../vga-core/vga_adapter.sv(210): (vopt-2718) [TFMPC] - Missing connection for port 'addressstall_b'.
# ** Warning: ../vga-core/vga_adapter.sv(210): (vopt-2718) [TFMPC] - Missing connection for port 'addressstall_a'.
# ** Warning: ../vga-core/vga_adapter.sv(210): (vopt-2718) [TFMPC] - Missing connection for port 'byteena_b'.
# ** Warning: ../vga-core/vga_adapter.sv(210): (vopt-2718) [TFMPC] - Missing connection for port 'byteena_a'.
# ** Warning: ../vga-core/vga_adapter.sv(210): (vopt-2718) [TFMPC] - Missing connection for port 'aclr1'.
# ** Warning: ../vga-core/vga_adapter.sv(210): (vopt-2718) [TFMPC] - Missing connection for port 'aclr0'.
# ** Warning: ../vga-core/vga_adapter.sv(210): (vopt-2718) [TFMPC] - Missing connection for port 'clocken3'.
# ** Warning: ../vga-core/vga_adapter.sv(210): (vopt-2718) [TFMPC] - Missing connection for port 'clocken2'.
# ** Warning: ../vga-core/vga_adapter.sv(210): (vopt-2718) [TFMPC] - Missing connection for port 'data_b'.
# ** Warning: ../vga-core/vga_adapter.sv(210): (vopt-2718) [TFMPC] - Missing connection for port 'rden_b'.
# ** Warning: ../vga-core/vga_adapter.sv(210): (vopt-2718) [TFMPC] - Missing connection for port 'rden_a'.
# ** Note: (vsim-12126) Error and warning message counts have been restored: Errors=0, Warnings=50.
# //  Questa Sim-64
# //  Version 2022.1_2 linux_x86_64 Apr  2 2022
# //
# //  Copyright 1991-2022 Mentor Graphics Corporation
# //  All Rights Reserved.
# //
# //  QuestaSim and its associated documentation contain trade
# //  secrets and commercial or financial information that are the property of
# //  Mentor Graphics Corporation and are privileged, confidential,
# //  and exempt from disclosure under the Freedom of Information Act,
# //  5 U.S.C. Section 552. Furthermore, this information
# //  is prohibited from disclosure under the Trade Secrets Act,
# //  18 U.S.C. Section 1905.
# //
# Loading sv_std.std
# Loading sv_std.mti_fli
# Loading work.tb_task4(fast)
# Loading /CMC/tools/altera/19.1/modelsim_ase/altera/verilog/altera_mf.altsyncram(fast)
# Loading /CMC/tools/altera/19.1/modelsim_ase/altera/verilog/altera_mf.altpll(fast)
# run 1000000
# Warning: read_during_write_mode_mixed_ports is assumed as               OLD_DATA
# Time: 0  Instance: tb_task4.dut.vga_u0.VideoMemory.m_default.altsyncram_inst
# VGA RESET
#  Note : Cyclone II PLL is enabled
# Time: 0  Instance: tb_task4.dut.vga_u0.mypll.altpll_component.stratixii_pll.pll1
# VGA RESET
# VGA RESET
# VGA RESET
# VGA RESET
# VGA RESET
#  Note : Cyclone II PLL locked to incoming clock
# Time: 110000  Instance: tb_task4.dut.vga_u0.mypll.altpll_component.stratixii_pll.pll1
# VGA PLOT 0,0 0
# VGA PLOT 0,1 0
# VGA PLOT 0,2 0
# VGA PLOT 0,3 0
# VGA PLOT 0,4 0
# VGA PLOT 0,5 0
# VGA PLOT 0,6 0
# VGA PLOT 0,7 0
# VGA PLOT 0,8 0
# VGA PLOT 0,9 0
# VGA PLOT 0,10 0
# VGA PLOT 0,11 0
# VGA PLOT 0,12 0
# VGA PLOT 0,13 0
# VGA PLOT 0,14 0
# VGA PLOT 0,15 0
# VGA PLOT 0,16 0
# VGA PLOT 0,17 0
# VGA PLOT 0,18 0
# VGA PLOT 0,19 0
# VGA PLOT 0,20 0
# VGA PLOT 0,21 0
# VGA PLOT 0,22 0
# VGA PLOT 0,23 0
# VGA PLOT 0,24 0
# VGA PLOT 0,25 0
# VGA PLOT 0,26 0
# VGA PLOT 0,27 0
# VGA PLOT 0,28 0
# VGA PLOT 0,29 0
# VGA PLOT 0,30 0
# VGA PLOT 0,31 0
# VGA PLOT 0,32 0
# VGA PLOT 0,33 0
# VGA PLOT 0,34 0
# VGA PLOT 0,35 0
# VGA PLOT 0,36 0
# VGA PLOT 0,37 0
# VGA PLOT 0,38 0
# VGA PLOT 0,39 0
# VGA PLOT 0,40 0
# VGA PLOT 0,41 0
# VGA PLOT 0,42 0
# VGA PLOT 0,43 0
#  coverage report -output tb_task4.stats.rpt
#  quit
# End time: 05:32:22 on Oct 17,2024, Elapsed time: 0:00:03
# Errors: 0, Warnings: 50
